sending incremental file list
./
log200537.f0001
log200537.f0002
log200537.f0003
log200537.f0004
log200537.f0005
log200537.f0006
log200537.f0007
log200537.f0008
log200537.f0009
log200537.f0010
log200537.f0011
log200537.f0012
log200537.f0013
log200537.f0014
log200537.f0015
log200537.f0016
log200537.f0017
log200537.f0018
log200537.f0019
log200537.f0020
log200537.f0021
log200537.f0022
log200537.f0023
log200537.f0024
log200537.f0025
log200537.f0026
log200537.f0027
log200537.f0028
log200537.f0029
log200537.f0030
log200537.f0031
log200537.f0032
log200537.f0033
log200537.f0034
log200537.f0035
log200537.f0036
log200537.f0037
log200537.f0038
log200537.f0039
log200537.f0040
log200537.f0041
log200537.f0042
log200537.f0043
log200537.f0044
log200537.f0045
log200537.f0046
log200537.f0047
log200537.f0048
log200537.f0049
log200537.f0050
log200537.f0051
log200537.f0052
log200537.f0053
log200537.f0054
log200537.f0055
log200537.f0056
log200537.f0057
log200537.f0058
log200537.f0059
log200537.f0060
log200537.f0061
log200537.f0062
log200537.f0063
log200537.f0064
log200537.f0065
log200537.f0066
log200537.f0067
log200537.f0068
log200537.f0069
log200537.f0070
log200537.f0071
log200537.f0072
log200537.f0073
log200537.f0074
log200537.f0075
log200537.f0076
log200537.f0077
log200537.f0078
log200537.f0079
log200537.f0080
log200537.f0081
log200537.f0082
log200537.f0083
log200537.f0084
log200537.f0085
log200537.f0086
log200537.f0087
log200537.f0088
log200537.f0089
log200537.f0090
log200537.f0091
log200537.f0092
log200537.f0093
log200537.f0094
log200537.f0095
log200537.f0096
log200537.f0097
log200537.f0098
log200537.f0099
log200537.f0100
log200537.f0101
log200537.f0102
log200537.f0103
log200537.f0104
log200537.f0105
log200537.f0106
log200537.f0107
log200537.f0108
log200537.f0109
log200537.f0110
log200537.f0111
log200537.f0112
log200537.f0113
log200537.f0114
log200537.f0115
log200537.f0116
log200537.f0117
log200537.f0118
log200537.f0119
log200537.f0120
log200537.f0121
log200537.f0122
log200537.f0123
log200537.f0124
log200537.f0125
log200537.f0126
log200537.f0127
log200537.f0128
log200537.f0129
log200537.f0130
log200537.f0131
log200537.f0132
log200537.f0133
log200537.f0134
log200537.f0135
log200537.f0136
log200537.f0137
log200537.f0138
log200537.f0139
log200537.f0140
log200537.f0141
log200537.f0142
log200537.f0143
log200537.f0144
log200537.f0145
log200537.f0146
log200537.f0147
log200537.f0148
log200537.f0149
log200537.f0150
log200537.f0151
log200537.f0152
log200537.f0153
log200537.f0154
log200537.f0155
log200537.f0156
log200537.f0157
log200537.f0158
log200537.f0159
log200537.f0160
log200537.f0161
log200537.f0162
log200537.f0163
log200537.f0164
log200537.f0165
log200537.f0166
log200537.f0167
log200537.f0168
log200537.f0169
log200537.f0170
log200537.f0171
log200537.f0172
log200537.f0173
log200537.f0174
log200537.f0175
log200537.f0176
log200537.f0177
log200537.f0178
log200537.f0179
log200537.f0180
log200537.f0181
log200537.f0182
log200537.f0183
log200537.f0184
log200537.f0185
log200537.f0186
log200537.f0187
log200537.f0188
log200537.f0189
log200537.f0190
log200537.f0191
log200537.f0192
log200537.f0193
log200537.f0194
log200537.f0195
log200537.f0196
log200537.f0197
log200537.f0198
log200537.f0199
log200537.f0200
log200537.f0201
log200537.f0202
log200537.f0203
log200537.f0204
log200537.f0205
log200537.f0206
log200537.f0207
log200537.f0208
log200537.f0209
log200537.f0210
log200537.f0211
log200537.f0212
log200537.f0213
log200537.f0214
log200537.f0215
log200537.f0216
log200537.f0217
log200537.f0218
log200537.f0219
log200537.f0220
log200537.f0221
log200537.f0222
log200537.f0223
log200537.f0224
log200537.f0225
log200537.f0226
log200537.f0227
log200537.f0228
log200537.f0229
log200537.f0230
log200537.f0231
log200537.f0232
log200537.f0233
log200537.f0234
log200537.f0235
log200537.f0236
log200537.f0237
log200537.f0238
log200537.f0239
log200537.f0240
log200537.f0241
log200537.f0242
log200537.f0243
log200537.f0244
log200537.f0245
log200537.f0246
log200537.f0247
log200537.f0248
log200537.f0249
log200537.f0250
log200537.f0251
log200537.f0252
log200537.f0253
log200537.f0254
log200537.f0255
log200537.f0256
log200537.f0257
log200537.f0258
log200537.f0259
log200537.f0260
log200537.f0261
log200537.f0262
log200537.f0263
log200537.f0264
log200537.f0265
log200537.f0266
log200537.f0267
log200537.f0268
log200537.f0269
log200537.f0270
log200537.f0271
log200537.f0272
log200537.f0273
log200537.f0274
log200537.f0275
log200537.f0276
log200537.f0277
log200537.f0278
log200537.f0279
log200537.f0280
log200537.f0281
log200537.f0282
log200537.f0283
log200537.f0284
log200537.f0285
log200537.f0286
log200537.f0287
log200537.f0288
log200537.f0289
log200537.f0290
log200537.f0291
log200537.f0292
log200537.f0293
log200537.f0294
log200537.f0295
log200537.f0296
log200537.f0297
log200537.f0298
log200537.f0299
log200537.f0300
log200537.f0301
log200537.f0302
log200537.f0303
log200537.f0304
log200537.f0305
log200537.f0306
log200537.f0307
log200537.f0308
log200537.f0309
log200537.f0310
log200537.f0311
log200537.f0312
log200537.f0313
log200537.f0314
log200537.f0315
log200537.f0316
log200537.f0317
log200537.f0318
log200537.f0319
log200537.f0320
log200537.f0321
log200537.f0322
log200537.f0323
log200537.f0324
log200537.f0325
log200537.f0326
log200537.f0327
log200537.f0328
log200537.f0329
log200537.f0330
log200537.f0331
log200537.f0332
log200537.f0333
log200537.f0334
log200537.f0335
log200537.f0336
log200537.f0337
log200537.f0338
log200537.f0339
log200537.f0340
log200537.f0341
log200537.f0342
log200537.f0343
log200537.f0344
log200537.f0345
log200537.f0346
log200537.f0347
log200537.f0348
log200537.f0349
log200537.f0350
log200537.f0351
log200537.f0352
log200537.f0353
log200537.f0354
log200537.f0355
log200537.f0356
log200537.f0357
log200537.f0358

sent 3911680 bytes  received 6817 bytes  73242.93 bytes/sec
total size is 13809047  speedup is 3.52
sending incremental file list
./
log200537.f0359

sent 15057 bytes  received 36 bytes  1588.74 bytes/sec
total size is 13847511  speedup is 917.48
sending incremental file list
./

sent 4055 bytes  received 15 bytes  387.62 bytes/sec
total size is 13847511  speedup is 3402.34
sending incremental file list
./
log200537.f0360

sent 14969 bytes  received 36 bytes  1429.05 bytes/sec
total size is 13886040  speedup is 925.43
sending incremental file list
./

sent 4068 bytes  received 15 bytes  429.79 bytes/sec
total size is 13886040  speedup is 3400.94
sending incremental file list
./
log200537.f0361

sent 14893 bytes  received 36 bytes  1421.81 bytes/sec
total size is 13924535  speedup is 932.72
sending incremental file list
./
log200537.f0362

sent 15039 bytes  received 36 bytes  1310.87 bytes/sec
total size is 13963073  speedup is 926.24
sending incremental file list

sent 4087 bytes  received 12 bytes  546.53 bytes/sec
total size is 13963073  speedup is 3406.46
sending incremental file list
./
log200537.f0363

sent 15050 bytes  received 36 bytes  1206.88 bytes/sec
total size is 14001565  speedup is 928.12
sending incremental file list
./
log200537.f0364

sent 15087 bytes  received 36 bytes  1591.89 bytes/sec
total size is 14040140  speedup is 928.40
sending incremental file list

sent 4109 bytes  received 12 bytes  305.26 bytes/sec
total size is 14040140  speedup is 3406.97
sending incremental file list
./
log200537.f0365

sent 14964 bytes  received 36 bytes  2000.00 bytes/sec
total size is 14078621  speedup is 938.57
sending incremental file list

sent 4120 bytes  received 12 bytes  393.52 bytes/sec
total size is 14078621  speedup is 3407.22
sending incremental file list
./
log200537.f0366

sent 14854 bytes  received 36 bytes  1985.33 bytes/sec
total size is 14117128  speedup is 948.09
sending incremental file list
./
log200537.f0367

sent 14959 bytes  received 36 bytes  1428.10 bytes/sec
total size is 14155647  speedup is 944.02
sending incremental file list
./
log200537.f0368

sent 15167 bytes  received 36 bytes  1600.32 bytes/sec
total size is 14194219  speedup is 933.65
sending incremental file list
./
log200537.f0369

sent 15044 bytes  received 36 bytes  1436.19 bytes/sec
total size is 14232782  speedup is 943.82
sending incremental file list

sent 4164 bytes  received 12 bytes  439.58 bytes/sec
total size is 14232782  speedup is 3408.23
sending incremental file list
./
log200537.f0370

sent 15064 bytes  received 36 bytes  1118.52 bytes/sec
total size is 14271325  speedup is 945.12
sending incremental file list
./
log200537.f0371

sent 15034 bytes  received 36 bytes  1435.24 bytes/sec
total size is 14309846  speedup is 949.56
sending incremental file list

sent 4187 bytes  received 12 bytes  442.00 bytes/sec
total size is 14309846  speedup is 3407.92
sending incremental file list
./
log200537.f0372

sent 14943 bytes  received 36 bytes  1762.24 bytes/sec
total size is 14348288  speedup is 957.89
sending incremental file list

sent 4198 bytes  received 12 bytes  443.16 bytes/sec
total size is 14348288  speedup is 3408.14
sending incremental file list
./
log200537.f0373

sent 15126 bytes  received 36 bytes  1783.76 bytes/sec
total size is 14386775  speedup is 948.87
sending incremental file list

sent 4209 bytes  received 12 bytes  402.00 bytes/sec
total size is 14386775  speedup is 3408.38
sending incremental file list
./
log200537.f0374

sent 15098 bytes  received 36 bytes  1593.05 bytes/sec
total size is 14425240  speedup is 953.17
sending incremental file list
./
log200537.f0375

sent 15185 bytes  received 36 bytes  1449.62 bytes/sec
total size is 14463700  speedup is 950.25
sending incremental file list
./
log200537.f0376

sent 15109 bytes  received 36 bytes  1781.76 bytes/sec
total size is 14502198  speedup is 957.56
sending incremental file list

sent 4242 bytes  received 12 bytes  405.14 bytes/sec
total size is 14502198  speedup is 3409.07
sending incremental file list
./
log200537.f0377

sent 15045 bytes  received 36 bytes  1436.29 bytes/sec
total size is 14540632  speedup is 964.17
sending incremental file list
./
log200537.f0378

sent 15155 bytes  received 36 bytes  1446.76 bytes/sec
total size is 14579185  speedup is 959.73
sending incremental file list

sent 4265 bytes  received 12 bytes  450.21 bytes/sec
total size is 14579185  speedup is 3408.74
sending incremental file list
./
log200537.f0379

sent 15359 bytes  received 36 bytes  1466.19 bytes/sec
total size is 14617689  speedup is 949.51
sending incremental file list
./
log200537.f0380

sent 15325 bytes  received 36 bytes  1616.95 bytes/sec
total size is 14656184  speedup is 954.12
sending incremental file list
./
log200537.f0381

sent 15455 bytes  received 36 bytes  1822.47 bytes/sec
total size is 14694682  speedup is 948.59
sending incremental file list

sent 4299 bytes  received 12 bytes  453.79 bytes/sec
total size is 14694682  speedup is 3408.65
sending incremental file list
./
log200537.f0382

sent 15325 bytes  received 36 bytes  1462.95 bytes/sec
total size is 14733169  speedup is 959.13
sending incremental file list
./
log200537.f0383

sent 15386 bytes  received 36 bytes  2056.27 bytes/sec
total size is 14771655  speedup is 957.83
sending incremental file list
./
log200537.f0384

sent 15319 bytes  received 36 bytes  1335.22 bytes/sec
total size is 14810219  speedup is 964.52
sending incremental file list
./
log200537.f0385

sent 15273 bytes  received 36 bytes  1611.47 bytes/sec
total size is 14848770  speedup is 969.94
sending incremental file list

sent 4343 bytes  received 12 bytes  458.42 bytes/sec
total size is 14848770  speedup is 3409.59
sending incremental file list
./
log200537.f0386

sent 15281 bytes  received 36 bytes  1612.32 bytes/sec
total size is 14887340  speedup is 971.95
sending incremental file list
./
log200537.f0387

sent 15112 bytes  received 36 bytes  1442.67 bytes/sec
total size is 14925928  speedup is 985.34
sending incremental file list

sent 4365 bytes  received 12 bytes  673.38 bytes/sec
total size is 14925928  speedup is 3410.08
sending incremental file list
./
log200537.f0388

sent 15118 bytes  received 36 bytes  1443.24 bytes/sec
total size is 14964471  speedup is 987.49
sending incremental file list
./
log200537.f0389

sent 15246 bytes  received 36 bytes  1455.43 bytes/sec
total size is 15003002  speedup is 981.74
sending incremental file list

sent 4387 bytes  received 12 bytes  418.95 bytes/sec
total size is 15003002  speedup is 3410.55
sending incremental file list
./
log200537.f0390

sent 15355 bytes  received 36 bytes  1620.11 bytes/sec
total size is 15041529  speedup is 977.29
sending incremental file list
./
log200537.f0391

sent 15255 bytes  received 36 bytes  1223.28 bytes/sec
total size is 15080071  speedup is 986.21
sending incremental file list
./
log200537.f0392

sent 15266 bytes  received 36 bytes  1457.33 bytes/sec
total size is 15118588  speedup is 988.01
sending incremental file list

sent 4421 bytes  received 12 bytes  422.19 bytes/sec
total size is 15118588  speedup is 3410.46
sending incremental file list
./
log200537.f0393

sent 15163 bytes  received 36 bytes  1447.52 bytes/sec
total size is 15157125  speedup is 997.24
sending incremental file list
./
log200537.f0394

sent 15473 bytes  received 36 bytes  1348.61 bytes/sec
total size is 15195633  speedup is 979.79
sending incremental file list

sent 4443 bytes  received 12 bytes  468.95 bytes/sec
total size is 15195633  speedup is 3410.92
sending incremental file list
./
log200537.f0395

sent 15370 bytes  received 36 bytes  1062.48 bytes/sec
total size is 15234098  speedup is 988.84
sending incremental file list
./
log200537.f0396

sent 15523 bytes  received 36 bytes  1352.96 bytes/sec
total size is 15272608  speedup is 981.59
sending incremental file list
./
log200537.f0397

sent 15623 bytes  received 36 bytes  1361.65 bytes/sec
total size is 15311179  speedup is 977.79
sending incremental file list
./
log200537.f0398

sent 15636 bytes  received 36 bytes  1492.57 bytes/sec
total size is 15349728  speedup is 979.44
sending incremental file list
./
log200537.f0399

sent 15811 bytes  received 36 bytes  1378.00 bytes/sec
total size is 15388362  speedup is 971.06
sending incremental file list

sent 4499 bytes  received 12 bytes  474.84 bytes/sec
total size is 15388362  speedup is 3411.30
sending incremental file list
./
log200537.f0400

sent 15825 bytes  received 36 bytes  1268.88 bytes/sec
total size is 15426949  speedup is 972.63
sending incremental file list
./
log200537.f0401

sent 15543 bytes  received 36 bytes  1832.82 bytes/sec
total size is 15465475  speedup is 992.71
sending incremental file list
./
log200537.f0402

sent 15385 bytes  received 36 bytes  1623.26 bytes/sec
total size is 15504019  speedup is 1005.38
ssh: Could not resolve hostname lilo.science.ru.nl: Name or service not known
rsync: connection unexpectedly closed (0 bytes received so far) [sender]
rsync error: unexplained error (code 255) at io.c(605) [sender=3.0.9]
sending incremental file list
./
log200537.f0403

sent 15371 bytes  received 36 bytes  1621.79 bytes/sec
total size is 15542584  speedup is 1008.80
sending incremental file list

sent 4545 bytes  received 12 bytes  434.00 bytes/sec
total size is 15542584  speedup is 3410.71
sending incremental file list
./
log200537.f0404

sent 15246 bytes  received 36 bytes  1455.43 bytes/sec
total size is 15581096  speedup is 1019.57
sending incremental file list
./
log200537.f0405

sent 15356 bytes  received 36 bytes  1338.43 bytes/sec
total size is 15619628  speedup is 1014.79
sending incremental file list

sent 4567 bytes  received 12 bytes  315.79 bytes/sec
total size is 15619628  speedup is 3411.14
sending incremental file list
./
log200537.f0406

sent 15400 bytes  received 36 bytes  1624.84 bytes/sec
total size is 15658119  speedup is 1014.39
sending incremental file list

sent 4578 bytes  received 12 bytes  483.16 bytes/sec
total size is 15658119  speedup is 3411.35
sending incremental file list
./
log200537.f0407

sent 15522 bytes  received 36 bytes  2074.40 bytes/sec
total size is 15696608  speedup is 1008.91
sending incremental file list
./
log200537.f0408

sent 15555 bytes  received 36 bytes  1641.16 bytes/sec
total size is 15735047  speedup is 1009.24
sending incremental file list
./
log200537.f0409

sent 15778 bytes  received 36 bytes  1860.47 bytes/sec
total size is 15773785  speedup is 997.46
sending incremental file list
./
log200537.f0410

sent 16006 bytes  received 36 bytes  1527.81 bytes/sec
total size is 15812496  speedup is 985.69
sending incremental file list
./
log200537.f0411

sent 15717 bytes  received 36 bytes  1500.29 bytes/sec
total size is 15851163  speedup is 1006.23
sending incremental file list
./
log200537.f0412

sent 15611 bytes  received 36 bytes  1490.19 bytes/sec
total size is 15889741  speedup is 1015.51
sending incremental file list

sent 4645 bytes  received 12 bytes  620.93 bytes/sec
total size is 15889741  speedup is 3412.01
sending incremental file list
./
log200537.f0413

sent 15638 bytes  received 36 bytes  1649.89 bytes/sec
total size is 15928275  speedup is 1016.22
sending incremental file list
./
log200537.f0414

sent 15558 bytes  received 36 bytes  1641.47 bytes/sec
total size is 15966797  speedup is 1023.91
sending incremental file list
./
log200537.f0415

sent 15756 bytes  received 36 bytes  1263.36 bytes/sec
total size is 16005301  speedup is 1013.51
sending incremental file list

sent 4679 bytes  received 12 bytes  493.79 bytes/sec
total size is 16005301  speedup is 3411.92
sending incremental file list
./
log200537.f0416

sent 15754 bytes  received 36 bytes  1263.20 bytes/sec
total size is 16043851  speedup is 1016.08
sending incremental file list
./
log200537.f0417

sent 15830 bytes  received 36 bytes  1511.05 bytes/sec
total size is 16082392  speedup is 1013.64
ssh: Could not resolve hostname lilo.science.ru.nl: Name or service not known
rsync: connection unexpectedly closed (0 bytes received so far) [sender]
rsync error: unexplained error (code 255) at io.c(605) [sender=3.0.9]
ssh: Could not resolve hostname lilo.science.ru.nl: Name or service not known
rsync: connection unexpectedly closed (0 bytes received so far) [sender]
rsync error: unexplained error (code 255) at io.c(605) [sender=3.0.9]
ssh: Could not resolve hostname lilo.science.ru.nl: Name or service not known
rsync: connection unexpectedly closed (0 bytes received so far) [sender]
rsync error: unexplained error (code 255) at io.c(605) [sender=3.0.9]
ssh: Could not resolve hostname lilo.science.ru.nl: Name or service not known
rsync: connection unexpectedly closed (0 bytes received so far) [sender]
rsync error: unexplained error (code 255) at io.c(605) [sender=3.0.9]
ssh: Could not resolve hostname lilo.science.ru.nl: Name or service not known
rsync: connection unexpectedly closed (0 bytes received so far) [sender]
rsync error: unexplained error (code 255) at io.c(605) [sender=3.0.9]
ssh: Could not resolve hostname lilo.science.ru.nl: Name or service not known
rsync: connection unexpectedly closed (0 bytes received so far) [sender]
rsync error: unexplained error (code 255) at io.c(605) [sender=3.0.9]
ssh: Could not resolve hostname lilo.science.ru.nl: Name or service not known
rsync: connection unexpectedly closed (0 bytes received so far) [sender]
rsync error: unexplained error (code 255) at io.c(605) [sender=3.0.9]
sending incremental file list
./
log200537.f0418
log200537.f0419
log200537.f0420
log200537.f0421
log200537.f0422

sent 59023 bytes  received 112 bytes  4380.37 bytes/sec
total size is 16275085  speedup is 275.22
sending incremental file list
./
log200537.f0423

sent 15555 bytes  received 36 bytes  1484.86 bytes/sec
total size is 16313628  speedup is 1046.35
sending incremental file list

sent 4768 bytes  received 12 bytes  503.16 bytes/sec
total size is 16313628  speedup is 3412.89
sending incremental file list
./
log200537.f0424

sent 15665 bytes  received 36 bytes  1495.33 bytes/sec
total size is 16352164  speedup is 1041.47
sending incremental file list
./
log200537.f0425

sent 15773 bytes  received 36 bytes  1664.11 bytes/sec
total size is 16390685  speedup is 1036.79
sending incremental file list

sent 4790 bytes  received 12 bytes  505.47 bytes/sec
total size is 16390685  speedup is 3413.30
sending incremental file list
./
log200537.f0426

sent 15679 bytes  received 36 bytes  1257.20 bytes/sec
total size is 16429207  speedup is 1045.45
sending incremental file list
./
log200537.f0427

sent 15567 bytes  received 36 bytes  1835.65 bytes/sec
total size is 16467791  speedup is 1055.42
sending incremental file list
./
log200537.f0428

sent 15610 bytes  received 36 bytes  1490.10 bytes/sec
total size is 16506326  speedup is 1054.99
sending incremental file list

sent 4823 bytes  received 12 bytes  508.95 bytes/sec
total size is 16506326  speedup is 3413.92
sending incremental file list
./
log200537.f0429

sent 15696 bytes  received 36 bytes  1498.29 bytes/sec
total size is 16544912  speedup is 1051.67
sending incremental file list
./
log200537.f0430

sent 15618 bytes  received 36 bytes  1647.79 bytes/sec
total size is 16583457  speedup is 1059.38
sending incremental file list
./
log200537.f0431

sent 15695 bytes  received 36 bytes  1367.91 bytes/sec
total size is 16621975  speedup is 1056.64
sending incremental file list

sent 4857 bytes  received 12 bytes  463.71 bytes/sec
total size is 16621975  speedup is 3413.84
sending incremental file list
./
log200537.f0432

sent 15978 bytes  received 36 bytes  1525.14 bytes/sec
total size is 16660551  speedup is 1040.37
sending incremental file list
./
log200537.f0433

sent 16147 bytes  received 36 bytes  1703.47 bytes/sec
total size is 16699127  speedup is 1031.89
sending incremental file list
./
log200537.f0434

sent 16244 bytes  received 36 bytes  1550.48 bytes/sec
total size is 16737760  speedup is 1028.12
sending incremental file list
./
log200537.f0435

sent 16058 bytes  received 36 bytes  1893.41 bytes/sec
total size is 16776368  speedup is 1042.40
sending incremental file list
./
log200537.f0436

sent 15934 bytes  received 36 bytes  1182.96 bytes/sec
total size is 16814985  speedup is 1052.91
sending incremental file list
./
log200537.f0437

sent 15898 bytes  received 36 bytes  2124.53 bytes/sec
total size is 16853580  speedup is 1057.71
sending incremental file list
./
log200537.f0438

sent 15894 bytes  received 36 bytes  1676.84 bytes/sec
total size is 16892177  speedup is 1060.40
sending incremental file list
./
log200537.f0439

sent 15912 bytes  received 36 bytes  1518.86 bytes/sec
total size is 16930762  speedup is 1061.62
sending incremental file list

sent 4947 bytes  received 12 bytes  522.00 bytes/sec
total size is 16930762  speedup is 3414.15
sending incremental file list
./
log200537.f0440

sent 15813 bytes  received 36 bytes  1509.43 bytes/sec
total size is 16969329  speedup is 1070.69
sending incremental file list
./
log200537.f0441

sent 15760 bytes  received 36 bytes  1662.74 bytes/sec
total size is 17007890  speedup is 1076.72
sending incremental file list
./
log200537.f0442

sent 15847 bytes  received 36 bytes  1671.89 bytes/sec
total size is 17046435  speedup is 1073.25
sending incremental file list

sent 4981 bytes  received 12 bytes  525.58 bytes/sec
total size is 17046435  speedup is 3414.07
sending incremental file list
./
log200537.f0443

sent 15737 bytes  received 36 bytes  1660.32 bytes/sec
total size is 17084962  speedup is 1083.18
sending incremental file list
./
log200537.f0444

sent 15884 bytes  received 36 bytes  1516.19 bytes/sec
total size is 17123504  speedup is 1075.60
sending incremental file list
./
log200537.f0445

sent 15857 bytes  received 36 bytes  1672.95 bytes/sec
total size is 17162055  speedup is 1079.85
sending incremental file list

sent 5014 bytes  received 12 bytes  478.67 bytes/sec
total size is 17162055  speedup is 3414.65
sending incremental file list
./
log200537.f0446

sent 15802 bytes  received 36 bytes  1508.38 bytes/sec
total size is 17200581  speedup is 1086.03
sending incremental file list
./
log200537.f0447

sent 15740 bytes  received 36 bytes  1856.00 bytes/sec
total size is 17239093  speedup is 1092.74
sending incremental file list

sent 5036 bytes  received 12 bytes  593.88 bytes/sec
total size is 17239093  speedup is 3415.03
sending incremental file list
./
log200537.f0448

sent 15910 bytes  received 36 bytes  1518.67 bytes/sec
total size is 17277627  speedup is 1083.51
ssh: Could not resolve hostname lilo.science.ru.nl: Name or service not known
rsync: connection unexpectedly closed (0 bytes received so far) [sender]
rsync error: unexplained error (code 255) at io.c(605) [sender=3.0.9]
ssh: Could not resolve hostname lilo.science.ru.nl: Name or service not known
rsync: connection unexpectedly closed (0 bytes received so far) [sender]
rsync error: unexplained error (code 255) at io.c(605) [sender=3.0.9]
ssh: Could not resolve hostname lilo.science.ru.nl: Name or service not known
rsync: connection unexpectedly closed (0 bytes received so far) [sender]
rsync error: unexplained error (code 255) at io.c(605) [sender=3.0.9]
ssh: Could not resolve hostname lilo.science.ru.nl: Name or service not known
rsync: connection unexpectedly closed (0 bytes received so far) [sender]
rsync error: unexplained error (code 255) at io.c(605) [sender=3.0.9]
ssh: Could not resolve hostname lilo.science.ru.nl: Name or service not known
rsync: connection unexpectedly closed (0 bytes received so far) [sender]
rsync error: unexplained error (code 255) at io.c(605) [sender=3.0.9]
ssh: Could not resolve hostname lilo.science.ru.nl: Name or service not known
rsync: connection unexpectedly closed (0 bytes received so far) [sender]
rsync error: unexplained error (code 255) at io.c(605) [sender=3.0.9]
ssh: Could not resolve hostname lilo.science.ru.nl: Name or service not known
rsync: connection unexpectedly closed (0 bytes received so far) [sender]
rsync error: unexplained error (code 255) at io.c(605) [sender=3.0.9]
ssh: Could not resolve hostname lilo.science.ru.nl: Name or service not known
rsync: connection unexpectedly closed (0 bytes received so far) [sender]
rsync error: unexplained error (code 255) at io.c(605) [sender=3.0.9]
ssh: Could not resolve hostname lilo.science.ru.nl: Name or service not known
rsync: connection unexpectedly closed (0 bytes received so far) [sender]
rsync error: unexplained error (code 255) at io.c(605) [sender=3.0.9]
ssh: Could not resolve hostname lilo.science.ru.nl: Name or service not known
rsync: connection unexpectedly closed (0 bytes received so far) [sender]
rsync error: unexplained error (code 255) at io.c(605) [sender=3.0.9]
ssh: Could not resolve hostname lilo.science.ru.nl: Name or service not known
rsync: connection unexpectedly closed (0 bytes received so far) [sender]
rsync error: unexplained error (code 255) at io.c(605) [sender=3.0.9]
ssh: Could not resolve hostname lilo.science.ru.nl: Name or service not known
rsync: connection unexpectedly closed (0 bytes received so far) [sender]
rsync error: unexplained error (code 255) at io.c(605) [sender=3.0.9]
ssh: Could not resolve hostname lilo.science.ru.nl: Name or service not known
rsync: connection unexpectedly closed (0 bytes received so far) [sender]
rsync error: unexplained error (code 255) at io.c(605) [sender=3.0.9]
ssh: Could not resolve hostname lilo.science.ru.nl: Name or service not known
rsync: connection unexpectedly closed (0 bytes received so far) [sender]
rsync error: unexplained error (code 255) at io.c(605) [sender=3.0.9]
ssh: Could not resolve hostname lilo.science.ru.nl: Name or service not known
rsync: connection unexpectedly closed (0 bytes received so far) [sender]
rsync error: unexplained error (code 255) at io.c(605) [sender=3.0.9]
ssh: Could not resolve hostname lilo.science.ru.nl: Name or service not known
rsync: connection unexpectedly closed (0 bytes received so far) [sender]
rsync error: unexplained error (code 255) at io.c(605) [sender=3.0.9]
ssh: Could not resolve hostname lilo.science.ru.nl: Name or service not known
rsync: connection unexpectedly closed (0 bytes received so far) [sender]
rsync error: unexplained error (code 255) at io.c(605) [sender=3.0.9]
ssh: Could not resolve hostname lilo.science.ru.nl: Name or service not known
rsync: connection unexpectedly closed (0 bytes received so far) [sender]
rsync error: unexplained error (code 255) at io.c(605) [sender=3.0.9]
sending incremental file list
./
log200537.f0449
log200537.f0450
log200537.f0451
log200537.f0452
log200537.f0453
log200537.f0454
log200537.f0455
log200537.f0456
log200537.f0457
log200537.f0458
log200537.f0459
log200537.f0460
log200537.f0461
log200537.f0462
log200537.f0463
log200537.f0464
log200537.f0465

sent 190508 bytes  received 340 bytes  13161.93 bytes/sec
total size is 17932789  speedup is 93.96
sending incremental file list
./
log200537.f0466

sent 16176 bytes  received 36 bytes  1706.53 bytes/sec
total size is 17971337  speedup is 1108.52
sending incremental file list

sent 5248 bytes  received 12 bytes  701.33 bytes/sec
total size is 17971337  speedup is 3416.60
sending incremental file list
./
log200537.f0467

sent 16042 bytes  received 36 bytes  1692.42 bytes/sec
total size is 18009831  speedup is 1120.15
sending incremental file list
./
log200537.f0468

sent 16109 bytes  received 36 bytes  1291.60 bytes/sec
total size is 18048324  speedup is 1117.89
sending incremental file list
./
log200537.f0469

sent 16264 bytes  received 36 bytes  1552.38 bytes/sec
total size is 18086845  speedup is 1109.62
sending incremental file list
./
log200537.f0470

sent 16312 bytes  received 36 bytes  1421.57 bytes/sec
total size is 18125347  speedup is 1108.72
sending incremental file list
./
log200537.f0471

sent 16422 bytes  received 36 bytes  1567.43 bytes/sec
total size is 18163940  speedup is 1103.65
sending incremental file list
./
log200537.f0472

sent 16816 bytes  received 36 bytes  1604.95 bytes/sec
total size is 18202671  speedup is 1080.15
sending incremental file list
./
log200537.f0473

sent 16910 bytes  received 36 bytes  1613.90 bytes/sec
total size is 18241393  speedup is 1076.44
sending incremental file list
./
log200537.f0474
log200537.f0475

sent 28122 bytes  received 55 bytes  2450.17 bytes/sec
total size is 18318782  speedup is 650.13
sending incremental file list

sent 5349 bytes  received 12 bytes  630.71 bytes/sec
total size is 18318782  speedup is 3417.05
sending incremental file list
./
log200537.f0476

sent 16370 bytes  received 36 bytes  1562.48 bytes/sec
total size is 18357354  speedup is 1118.94
sending incremental file list
./
log200537.f0477

sent 16359 bytes  received 36 bytes  1725.79 bytes/sec
total size is 18395936  speedup is 1122.05
sending incremental file list
./
log200537.f0478

sent 16231 bytes  received 36 bytes  1549.24 bytes/sec
total size is 18434481  speedup is 1133.24
sending incremental file list
./
log200537.f0479
log200537.f0480

sent 27296 bytes  received 55 bytes  2604.86 bytes/sec
total size is 18511647  speedup is 676.82
sending incremental file list
./
log200537.f0481

sent 16420 bytes  received 36 bytes  1567.24 bytes/sec
total size is 18550221  speedup is 1127.26
sending incremental file list
./
log200537.f0482

sent 16178 bytes  received 36 bytes  1409.91 bytes/sec
total size is 18588732  speedup is 1146.46
ssh: connect to host lilo.science.ru.nl port 22: Connection refused
rsync: connection unexpectedly closed (0 bytes received so far) [sender]
rsync error: unexplained error (code 255) at io.c(605) [sender=3.0.9]
sending incremental file list
./
log200537.f0483

sent 16170 bytes  received 36 bytes  1409.22 bytes/sec
total size is 18627235  speedup is 1149.40
sending incremental file list
./
log200537.f0484

sent 16217 bytes  received 36 bytes  1710.84 bytes/sec
total size is 18665700  speedup is 1148.45
sending incremental file list

sent 5449 bytes  received 12 bytes  520.10 bytes/sec
total size is 18665700  speedup is 3418.00
sending incremental file list
./
log200537.f0485

sent 16301 bytes  received 36 bytes  1719.68 bytes/sec
total size is 18704185  speedup is 1144.90
sending incremental file list
./
log200537.f0486

sent 16437 bytes  received 36 bytes  1938.00 bytes/sec
total size is 18742667  speedup is 1137.78
sending incremental file list

sent 5472 bytes  received 12 bytes  522.29 bytes/sec
total size is 18742667  speedup is 3417.70
sending incremental file list
./
log200537.f0487

sent 16354 bytes  received 36 bytes  1311.20 bytes/sec
total size is 18781135  speedup is 1145.89
sending incremental file list
./
log200537.f0488

sent 16370 bytes  received 36 bytes  1562.48 bytes/sec
total size is 18819670  speedup is 1147.12
sending incremental file list
./
log200537.f0489

sent 16479 bytes  received 36 bytes  1436.09 bytes/sec
total size is 18858132  speedup is 1141.88
sending incremental file list
./
log200537.f0490

sent 16312 bytes  received 36 bytes  1720.84 bytes/sec
total size is 18896650  speedup is 1155.90
sending incremental file list

sent 5517 bytes  received 12 bytes  737.20 bytes/sec
total size is 18896650  speedup is 3417.73
sending incremental file list
./
log200537.f0491

sent 16578 bytes  received 36 bytes  1582.29 bytes/sec
total size is 18935244  speedup is 1139.72
sending incremental file list
./
log200537.f0492

sent 16650 bytes  received 36 bytes  1450.96 bytes/sec
total size is 18973809  speedup is 1137.11
sending incremental file list
./
log200537.f0493

sent 16689 bytes  received 36 bytes  1592.86 bytes/sec
total size is 19012400  speedup is 1136.77
sending incremental file list
./
log200537.f0494

sent 16712 bytes  received 36 bytes  1595.05 bytes/sec
total size is 19050974  speedup is 1137.51
sending incremental file list
./
log200537.f0495

sent 17061 bytes  received 36 bytes  1799.68 bytes/sec
total size is 19089922  speedup is 1116.57
sending incremental file list
./
log200537.f0496
log200537.f0497

sent 28412 bytes  received 55 bytes  2711.14 bytes/sec
total size is 19167523  speedup is 673.32
sending incremental file list
./
log200537.f0498

sent 17056 bytes  received 36 bytes  1627.81 bytes/sec
total size is 19206178  speedup is 1123.69
sending incremental file list
./
log200537.f0499

sent 16655 bytes  received 36 bytes  1451.39 bytes/sec
total size is 19244814  speedup is 1153.01
sending incremental file list
./
log200537.f0500

sent 16630 bytes  received 36 bytes  1960.71 bytes/sec
total size is 19283422  speedup is 1157.05
sending incremental file list
./
log200537.f0501

sent 16593 bytes  received 36 bytes  1583.71 bytes/sec
total size is 19321982  speedup is 1161.94
sending incremental file list

sent 5640 bytes  received 12 bytes  594.95 bytes/sec
total size is 19321982  speedup is 3418.61
sending incremental file list
./
log200537.f0502

sent 16660 bytes  received 36 bytes  1964.24 bytes/sec
total size is 19360530  speedup is 1159.59
sending incremental file list
./
log200537.f0503

sent 16545 bytes  received 36 bytes  1745.37 bytes/sec
total size is 19399077  speedup is 1169.96
sending incremental file list

sent 5662 bytes  received 12 bytes  597.26 bytes/sec
total size is 19399077  speedup is 3418.94
sending incremental file list
./
log200537.f0504

sent 16670 bytes  received 36 bytes  1758.53 bytes/sec
total size is 19437631  speedup is 1163.51
sending incremental file list
./
log200537.f0505

sent 16792 bytes  received 36 bytes  1602.67 bytes/sec
total size is 19476186  speedup is 1157.37
sending incremental file list

sent 5685 bytes  received 12 bytes  599.68 bytes/sec
total size is 19476186  speedup is 3418.67
sending incremental file list
./
log200537.f0506

sent 16716 bytes  received 36 bytes  1970.82 bytes/sec
total size is 19514725  speedup is 1164.92
sending incremental file list
./
log200537.f0507

sent 16784 bytes  received 36 bytes  1770.53 bytes/sec
total size is 19553263  speedup is 1162.50
sending incremental file list
./
log200537.f0508

sent 16677 bytes  received 36 bytes  1759.26 bytes/sec
total size is 19591775  speedup is 1172.25
sending incremental file list

sent 5718 bytes  received 12 bytes  603.16 bytes/sec
total size is 19591775  speedup is 3419.16
sending incremental file list
./
log200537.f0509

sent 16564 bytes  received 36 bytes  1580.95 bytes/sec
total size is 19630308  speedup is 1182.55
sending incremental file list
./
log200537.f0510

sent 16646 bytes  received 36 bytes  1756.00 bytes/sec
total size is 19668812  speedup is 1179.04
sending incremental file list

sent 5741 bytes  received 12 bytes  605.58 bytes/sec
total size is 19668812  speedup is 3418.88
sending incremental file list

sent 5741 bytes  received 12 bytes  767.07 bytes/sec
total size is 19668812  speedup is 3418.88
sending incremental file list

sent 5741 bytes  received 12 bytes  605.58 bytes/sec
total size is 19668812  speedup is 3418.88
sending incremental file list

sent 5741 bytes  received 12 bytes  767.07 bytes/sec
total size is 19668812  speedup is 3418.88
sending incremental file list
./
log200537.f0511

sent 16934 bytes  received 36 bytes  1475.65 bytes/sec
total size is 19707336  speedup is 1161.30
sending incremental file list

sent 5752 bytes  received 12 bytes  678.12 bytes/sec
total size is 19707336  speedup is 3419.04
sending incremental file list
./
log200537.f0512

sent 16632 bytes  received 36 bytes  1449.39 bytes/sec
total size is 19745819  speedup is 1184.65
sending incremental file list
./
log200537.f0513

sent 16596 bytes  received 36 bytes  1956.71 bytes/sec
total size is 19784327  speedup is 1189.53
sending incremental file list

sent 5774 bytes  received 12 bytes  551.05 bytes/sec
total size is 19784327  speedup is 3419.34
sending incremental file list
./
log200537.f0514

sent 16639 bytes  received 36 bytes  2223.33 bytes/sec
total size is 19822887  speedup is 1188.78
ssh: connect to host lilo.science.ru.nl port 22: Connection timed out
rsync: connection unexpectedly closed (0 bytes received so far) [sender]
rsync error: unexplained error (code 255) at io.c(605) [sender=3.0.9]
sending incremental file list
./
log200537.f0515
log200537.f0516

sent 27421 bytes  received 55 bytes  3232.47 bytes/sec
total size is 19899903  speedup is 724.26
sending incremental file list
./
log200537.f0517

sent 16552 bytes  received 36 bytes  1951.53 bytes/sec
total size is 19938434  speedup is 1201.98
sending incremental file list
./
log200537.f0518

sent 16610 bytes  received 36 bytes  1752.21 bytes/sec
total size is 19976961  speedup is 1200.11
ssh: connect to host lilo.science.ru.nl port 22: Connection timed out
rsync: connection unexpectedly closed (0 bytes received so far) [sender]
rsync error: unexplained error (code 255) at io.c(605) [sender=3.0.9]
sending incremental file list
./
log200537.f0519

sent 16600 bytes  received 36 bytes  1584.38 bytes/sec
total size is 20015465  speedup is 1203.14
sending incremental file list
./
log200537.f0520

sent 16726 bytes  received 36 bytes  1764.42 bytes/sec
total size is 20053956  speedup is 1196.39
sending incremental file list
./
log200537.f0521

sent 16673 bytes  received 36 bytes  1965.76 bytes/sec
total size is 20092461  speedup is 1202.49
sending incremental file list

sent 5863 bytes  received 12 bytes  903.85 bytes/sec
total size is 20092461  speedup is 3419.99
sending incremental file list
./
log200537.f0522

sent 16772 bytes  received 36 bytes  1977.41 bytes/sec
total size is 20130988  speedup is 1197.70
sending incremental file list
./
log200537.f0523

sent 16832 bytes  received 36 bytes  2595.08 bytes/sec
total size is 20169525  speedup is 1195.73
sending incremental file list
./
log200537.f0524

sent 16843 bytes  received 36 bytes  1776.74 bytes/sec
total size is 20208037  speedup is 1197.23
sending incremental file list
./
log200537.f0525

sent 16824 bytes  received 36 bytes  1983.53 bytes/sec
total size is 20246611  speedup is 1200.87
sending incremental file list
./
log200537.f0526

sent 16985 bytes  received 36 bytes  2002.47 bytes/sec
total size is 20285208  speedup is 1191.78
sending incremental file list
./
log200537.f0527

sent 16828 bytes  received 36 bytes  2248.53 bytes/sec
total size is 20323731  speedup is 1205.15
sending incremental file list
./
log200537.f0528

sent 16974 bytes  received 36 bytes  1620.00 bytes/sec
total size is 20362315  speedup is 1197.08
sending incremental file list
./
log200537.f0529

sent 17180 bytes  received 36 bytes  2295.47 bytes/sec
total size is 20400912  speedup is 1185.00
sending incremental file list
./
log200537.f0530

sent 17023 bytes  received 36 bytes  1795.68 bytes/sec
total size is 20439443  speedup is 1198.16
sending incremental file list
./
log200537.f0531

sent 6017 bytes  received 36 bytes  807.07 bytes/sec
total size is 20439443  speedup is 3376.75
sending incremental file list
./
log200537.f0531
log200537.f0532

sent 28380 bytes  received 55 bytes  2993.16 bytes/sec
total size is 20516604  speedup is 721.53
sending incremental file list
./
log200537.f0533

sent 17368 bytes  received 36 bytes  2047.53 bytes/sec
total size is 20555293  speedup is 1181.07
sending incremental file list
./
log200537.f0534

sent 17418 bytes  received 36 bytes  1837.26 bytes/sec
total size is 20594020  speedup is 1179.90
sending incremental file list
./
log200537.f0535

sent 16950 bytes  received 36 bytes  1788.00 bytes/sec
total size is 20632634  speedup is 1214.68
sending incremental file list
./
log200537.f0536

sent 16872 bytes  received 36 bytes  1779.79 bytes/sec
total size is 20671214  speedup is 1222.57
sending incremental file list

sent 6031 bytes  received 12 bytes  710.94 bytes/sec
total size is 20671214  speedup is 3420.69
sending incremental file list
./
log200537.f0537

sent 16842 bytes  received 36 bytes  1776.63 bytes/sec
total size is 20709745  speedup is 1227.03
sending incremental file list
./
log200537.f0538

sent 16910 bytes  received 36 bytes  1993.65 bytes/sec
total size is 20748265  speedup is 1224.38
sending incremental file list

sent 6053 bytes  received 12 bytes  577.62 bytes/sec
total size is 20748265  speedup is 3420.98
sending incremental file list
./
log200537.f0539

sent 16916 bytes  received 36 bytes  1994.35 bytes/sec
total size is 20786788  speedup is 1226.21
sending incremental file list
./
log200537.f0540

sent 16944 bytes  received 36 bytes  1617.14 bytes/sec
total size is 20825292  speedup is 1226.46
sending incremental file list

sent 6077 bytes  received 12 bytes  936.77 bytes/sec
total size is 20825292  speedup is 3420.15
sending incremental file list
./
log200537.f0541

sent 16947 bytes  received 36 bytes  1998.00 bytes/sec
total size is 20863824  speedup is 1228.51
sending incremental file list
./
log200537.f0542

sent 16964 bytes  received 36 bytes  2000.00 bytes/sec
total size is 20902338  speedup is 1229.55
sending incremental file list
./
log200537.f0543

sent 16902 bytes  received 36 bytes  1613.14 bytes/sec
total size is 20940840  speedup is 1236.32
sending incremental file list

sent 6110 bytes  received 12 bytes  941.85 bytes/sec
total size is 20940840  speedup is 3420.59
sending incremental file list
./
log200537.f0544

sent 16930 bytes  received 36 bytes  1785.89 bytes/sec
total size is 20979397  speedup is 1236.56
sending incremental file list
./
log200537.f0545

sent 16977 bytes  received 36 bytes  2001.53 bytes/sec
total size is 21017943  speedup is 1235.40
ssh: Could not resolve hostname lilo.science.ru.nl: Name or service not known
rsync: connection unexpectedly closed (0 bytes received so far) [sender]
rsync error: unexplained error (code 255) at io.c(605) [sender=3.0.9]
ssh: Could not resolve hostname lilo.science.ru.nl: Name or service not known
rsync: connection unexpectedly closed (0 bytes received so far) [sender]
rsync error: unexplained error (code 255) at io.c(605) [sender=3.0.9]
ssh: Could not resolve hostname lilo.science.ru.nl: Name or service not known
rsync: connection unexpectedly closed (0 bytes received so far) [sender]
rsync error: unexplained error (code 255) at io.c(605) [sender=3.0.9]
sending incremental file list
./
log200537.f0546
log200537.f0547
log200537.f0548

sent 39164 bytes  received 74 bytes  3736.95 bytes/sec
total size is 21133561  speedup is 538.60
sending incremental file list
./
log200537.f0549

sent 17402 bytes  received 36 bytes  2051.53 bytes/sec
total size is 21172147  speedup is 1214.14
sending incremental file list
./
log200537.f0550

sent 17406 bytes  received 36 bytes  1836.00 bytes/sec
total size is 21210836  speedup is 1216.08
sending incremental file list
./
log200537.f0551

sent 17436 bytes  received 36 bytes  2329.60 bytes/sec
total size is 21249460  speedup is 1216.20
sending incremental file list
./
log200537.f0552

sent 17449 bytes  received 36 bytes  1840.53 bytes/sec
total size is 21288033  speedup is 1217.50
sending incremental file list
./
log200537.f0553

sent 17224 bytes  received 36 bytes  2030.59 bytes/sec
total size is 21326621  speedup is 1235.61
sending incremental file list
./
log200537.f0554

sent 17122 bytes  received 36 bytes  1806.11 bytes/sec
total size is 21365167  speedup is 1245.20
sending incremental file list
./
log200537.f0555

sent 16988 bytes  received 36 bytes  2269.87 bytes/sec
total size is 21403758  speedup is 1257.27
sending incremental file list

sent 6243 bytes  received 12 bytes  735.88 bytes/sec
total size is 21403758  speedup is 3421.86
sending incremental file list
./
log200537.f0556

sent 16983 bytes  received 36 bytes  2269.20 bytes/sec
total size is 21442311  speedup is 1259.90
sending incremental file list
./
log200537.f0557

sent 17144 bytes  received 36 bytes  1808.42 bytes/sec
total size is 21480846  speedup is 1250.34
sending incremental file list
./
log200537.f0558

sent 17297 bytes  received 36 bytes  1824.53 bytes/sec
total size is 21519369  speedup is 1241.53
sending incremental file list

sent 6276 bytes  received 12 bytes  661.89 bytes/sec
total size is 21519369  speedup is 3422.29
sending incremental file list
./
log200537.f0559

sent 17232 bytes  received 36 bytes  2031.53 bytes/sec
total size is 21557869  speedup is 1248.43
sending incremental file list
./
log200537.f0560

sent 17254 bytes  received 36 bytes  2034.12 bytes/sec
total size is 21596389  speedup is 1249.07
sending incremental file list
./
log200537.f0561

sent 17342 bytes  received 36 bytes  2317.07 bytes/sec
total size is 21634901  speedup is 1244.96
sending incremental file list

sent 6310 bytes  received 12 bytes  743.76 bytes/sec
total size is 21634901  speedup is 3422.16
sending incremental file list
./
log200537.f0562

sent 17167 bytes  received 36 bytes  2023.88 bytes/sec
total size is 21673448  speedup is 1259.86
sending incremental file list
./
log200537.f0563

sent 17316 bytes  received 36 bytes  1508.87 bytes/sec
total size is 21711987  speedup is 1251.27
sending incremental file list

sent 6332 bytes  received 12 bytes  667.79 bytes/sec
total size is 21711987  speedup is 3422.44
sending incremental file list
./
log200537.f0564

sent 17225 bytes  received 36 bytes  1643.90 bytes/sec
total size is 21750501  speedup is 1260.10
sending incremental file list
./
log200537.f0565

sent 17278 bytes  received 36 bytes  1822.53 bytes/sec
total size is 21789032  speedup is 1258.46
sending incremental file list

sent 6354 bytes  received 12 bytes  670.11 bytes/sec
total size is 21789032  speedup is 3422.72
sending incremental file list
./
log200537.f0566

sent 17372 bytes  received 36 bytes  1657.90 bytes/sec
total size is 21827564  speedup is 1253.88
sending incremental file list
./
log200537.f0567

sent 17374 bytes  received 36 bytes  1832.63 bytes/sec
total size is 21866109  speedup is 1255.95
sending incremental file list
./
log200537.f0568

sent 17423 bytes  received 36 bytes  1837.79 bytes/sec
total size is 21904664  speedup is 1254.63
sending incremental file list
./
log200537.f0569

sent 17630 bytes  received 36 bytes  1859.58 bytes/sec
total size is 21943307  speedup is 1242.12
ssh: Could not resolve hostname lilo.science.ru.nl: Name or service not known
rsync: connection unexpectedly closed (0 bytes received so far) [sender]
rsync error: unexplained error (code 255) at io.c(605) [sender=3.0.9]
ssh: Could not resolve hostname lilo.science.ru.nl: Name or service not known
rsync: connection unexpectedly closed (0 bytes received so far) [sender]
rsync error: unexplained error (code 255) at io.c(605) [sender=3.0.9]
sending incremental file list
./
log200537.f0570
log200537.f0571
log200537.f0572

sent 41518 bytes  received 74 bytes  4378.11 bytes/sec
total size is 22059523  speedup is 530.38
sending incremental file list
./
log200537.f0573

sent 17537 bytes  received 36 bytes  2067.41 bytes/sec
total size is 22098106  speedup is 1257.50
sending incremental file list
./
log200537.f0574

sent 17420 bytes  received 36 bytes  2053.65 bytes/sec
total size is 22136665  speedup is 1268.14
sending incremental file list

sent 6454 bytes  received 12 bytes  862.13 bytes/sec
total size is 22136665  speedup is 3423.55
sending incremental file list
./
log200537.f0575

sent 17394 bytes  received 36 bytes  1394.40 bytes/sec
total size is 22175186  speedup is 1272.24
sending incremental file list
./
log200537.f0576

sent 17398 bytes  received 36 bytes  2324.53 bytes/sec
total size is 22213709  speedup is 1274.16
sending incremental file list

sent 6478 bytes  received 12 bytes  519.20 bytes/sec
total size is 22213709  speedup is 3422.76
sending incremental file list
./
log200537.f0577

sent 17376 bytes  received 36 bytes  2321.60 bytes/sec
total size is 22252233  speedup is 1277.98
sending incremental file list
./
log200537.f0578

sent 17275 bytes  received 36 bytes  1648.67 bytes/sec
total size is 22290802  speedup is 1287.67
sending incremental file list
./
log200537.f0579

sent 17285 bytes  received 36 bytes  2037.76 bytes/sec
total size is 22329307  speedup is 1289.15
sending incremental file list
./
log200537.f0580

sent 17478 bytes  received 36 bytes  1843.58 bytes/sec
total size is 22367874  speedup is 1277.14
sending incremental file list
./
log200537.f0581

sent 17501 bytes  received 36 bytes  2063.18 bytes/sec
total size is 22406399  speedup is 1277.66
sending incremental file list

sent 6534 bytes  received 12 bytes  770.12 bytes/sec
total size is 22406399  speedup is 3422.91
sending incremental file list
./
log200537.f0582

sent 17542 bytes  received 36 bytes  2068.00 bytes/sec
total size is 22444936  speedup is 1276.88
sending incremental file list
./
log200537.f0583

sent 17600 bytes  received 36 bytes  1679.62 bytes/sec
total size is 22483469  speedup is 1274.86
sending incremental file list
./
log200537.f0584

sent 17501 bytes  received 36 bytes  2338.27 bytes/sec
total size is 22522033  speedup is 1284.26
sending incremental file list
./
log200537.f0585

sent 17492 bytes  received 36 bytes  2062.12 bytes/sec
total size is 22560550  speedup is 1287.11
sending incremental file list

sent 6578 bytes  received 12 bytes  1013.85 bytes/sec
total size is 22560550  speedup is 3423.45
sending incremental file list
./
log200537.f0586

sent 17577 bytes  received 36 bytes  1854.00 bytes/sec
total size is 22599129  speedup is 1283.09
sending incremental file list
./
log200537.f0587

sent 17552 bytes  received 36 bytes  2069.18 bytes/sec
total size is 22637660  speedup is 1287.11
sending incremental file list
./
log200537.f0588

sent 17816 bytes  received 36 bytes  1879.16 bytes/sec
total size is 22676213  speedup is 1270.23
sending incremental file list
./
log200537.f0589

sent 18129 bytes  received 36 bytes  2137.06 bytes/sec
total size is 22714875  speedup is 1250.47
sending incremental file list
./
log200537.f0590

sent 17859 bytes  received 36 bytes  1883.68 bytes/sec
total size is 22753407  speedup is 1271.50
sending incremental file list
./
log200537.f0591

sent 17699 bytes  received 36 bytes  2364.67 bytes/sec
total size is 22792022  speedup is 1285.14
sending incremental file list
./
log200537.f0592

sent 17717 bytes  received 36 bytes  1868.74 bytes/sec
total size is 22830584  speedup is 1286.01
sending incremental file list

sent 6656 bytes  received 12 bytes  784.47 bytes/sec
total size is 22830584  speedup is 3423.90
sending incremental file list
./
log200537.f0593

sent 17597 bytes  received 36 bytes  1679.33 bytes/sec
total size is 22869132  speedup is 1296.95
sending incremental file list
./
log200537.f0594

sent 17608 bytes  received 36 bytes  2075.76 bytes/sec
total size is 22907659  speedup is 1298.33
sending incremental file list
./
log200537.f0595

sent 17673 bytes  received 36 bytes  2083.41 bytes/sec
total size is 22946162  speedup is 1295.73
sending incremental file list
./
log200537.f0596

sent 17574 bytes  received 36 bytes  2348.00 bytes/sec
total size is 22984648  speedup is 1305.20
sending incremental file list

sent 6701 bytes  received 12 bytes  789.76 bytes/sec
total size is 22984648  speedup is 3423.90
sending incremental file list
./
log200537.f0597

sent 17600 bytes  received 36 bytes  2074.82 bytes/sec
total size is 23023120  speedup is 1305.46
sending incremental file list
./
log200537.f0598

sent 17525 bytes  received 36 bytes  1848.53 bytes/sec
total size is 23061599  speedup is 1313.23
sending incremental file list
./
log200537.f0599

sent 17604 bytes  received 36 bytes  2352.00 bytes/sec
total size is 23100100  speedup is 1309.53
sending incremental file list
./
log200537.f0600

sent 17612 bytes  received 36 bytes  1857.68 bytes/sec
total size is 23138581  speedup is 1311.12
sending incremental file list
./
log200537.f0601

sent 17507 bytes  received 36 bytes  2339.07 bytes/sec
total size is 23177080  speedup is 1321.16
sending incremental file list

sent 6758 bytes  received 12 bytes  796.47 bytes/sec
total size is 23177080  speedup is 3423.50
sending incremental file list
./
log200537.f0602

sent 17557 bytes  received 36 bytes  2345.73 bytes/sec
total size is 23215559  speedup is 1319.59
sending incremental file list
./
log200537.f0603

sent 17572 bytes  received 36 bytes  2071.53 bytes/sec
total size is 23254035  speedup is 1320.65
sending incremental file list
./
log200537.f0604

sent 17665 bytes  received 36 bytes  2360.13 bytes/sec
total size is 23292590  speedup is 1315.89
sending incremental file list
./
log200537.f0605

sent 17551 bytes  received 36 bytes  1406.96 bytes/sec
total size is 23331081  speedup is 1326.61
sending incremental file list

sent 6802 bytes  received 12 bytes  908.53 bytes/sec
total size is 23331081  speedup is 3423.99
sending incremental file list
./
log200537.f0606

sent 17638 bytes  received 36 bytes  2079.29 bytes/sec
total size is 23369596  speedup is 1322.26
sending incremental file list
./
log200537.f0607

sent 17833 bytes  received 36 bytes  2102.24 bytes/sec
total size is 23408162  speedup is 1309.99
sending incremental file list

sent 6824 bytes  received 12 bytes  719.58 bytes/sec
total size is 23408162  speedup is 3424.25
sending incremental file list
./
log200537.f0608

sent 17822 bytes  received 36 bytes  2100.94 bytes/sec
total size is 23446698  speedup is 1312.95
sending incremental file list
./
log200537.f0609

sent 17661 bytes  received 36 bytes  1685.43 bytes/sec
total size is 23485204  speedup is 1327.07
sending incremental file list

sent 6846 bytes  received 12 bytes  914.40 bytes/sec
total size is 23485204  speedup is 3424.50
sending incremental file list
./
log200537.f0610

sent 17982 bytes  received 36 bytes  1896.63 bytes/sec
total size is 23523715  speedup is 1305.57
sending incremental file list
./
log200537.f0611

sent 17656 bytes  received 36 bytes  2081.41 bytes/sec
total size is 23562258  speedup is 1331.80
sending incremental file list
./
log200537.f0612

sent 17738 bytes  received 36 bytes  1870.95 bytes/sec
total size is 23600808  speedup is 1327.83
sending incremental file list
./
log200537.f0613

sent 17674 bytes  received 36 bytes  2083.53 bytes/sec
total size is 23639358  speedup is 1334.80
sending incremental file list

sent 6892 bytes  received 12 bytes  812.24 bytes/sec
total size is 23639358  speedup is 3424.01
sending incremental file list
./
log200537.f0614

sent 17713 bytes  received 36 bytes  2366.53 bytes/sec
total size is 23677892  speedup is 1334.04
Permission denied, please try again.
Permission denied, please try again.
Permission denied (publickey,gssapi-keyex,gssapi-with-mic,password).
rsync: connection unexpectedly closed (0 bytes received so far) [sender]
rsync error: unexplained error (code 255) at io.c(605) [sender=3.0.9]
sending incremental file list
./
log200537.f0615
log200537.f0616

sent 28487 bytes  received 55 bytes  3004.42 bytes/sec
total size is 23754983  speedup is 832.28
sending incremental file list

sent 6925 bytes  received 12 bytes  730.21 bytes/sec
total size is 23754983  speedup is 3424.39
sending incremental file list
./
log200537.f0617

sent 17858 bytes  received 36 bytes  2105.18 bytes/sec
total size is 23793502  speedup is 1329.69
sending incremental file list
./
log200537.f0618

sent 17847 bytes  received 36 bytes  1882.42 bytes/sec
total size is 23832023  speedup is 1332.66
sending incremental file list
./
log200537.f0619

sent 17788 bytes  received 36 bytes  2376.53 bytes/sec
total size is 23870554  speedup is 1339.24
sending incremental file list
./
log200537.f0620

sent 17793 bytes  received 36 bytes  2097.53 bytes/sec
total size is 23909095  speedup is 1341.02
sending incremental file list

sent 6970 bytes  received 12 bytes  930.93 bytes/sec
total size is 23909095  speedup is 3424.39
sending incremental file list
./
log200537.f0621

sent 17809 bytes  received 36 bytes  1699.52 bytes/sec
total size is 23947605  speedup is 1341.98
sending incremental file list
./
log200537.f0622

sent 17854 bytes  received 36 bytes  2104.71 bytes/sec
total size is 23986144  speedup is 1340.76
sending incremental file list
./
log200537.f0623

sent 17811 bytes  received 36 bytes  1878.63 bytes/sec
total size is 24024614  speedup is 1346.14
sending incremental file list

sent 7003 bytes  received 12 bytes  935.33 bytes/sec
total size is 24024614  speedup is 3424.75
sending incremental file list
./
log200537.f0624

sent 17924 bytes  received 36 bytes  1890.53 bytes/sec
total size is 24063065  speedup is 1339.81
sending incremental file list
./
log200537.f0625

sent 18067 bytes  received 36 bytes  2129.76 bytes/sec
total size is 24101569  speedup is 1331.36
sending incremental file list
./
log200537.f0626

sent 18056 bytes  received 36 bytes  1723.05 bytes/sec
total size is 24140114  speedup is 1334.30
sending incremental file list
./
log200537.f0627

sent 18046 bytes  received 36 bytes  2127.29 bytes/sec
total size is 24178647  speedup is 1337.17
sending incremental file list

sent 7047 bytes  received 12 bytes  941.20 bytes/sec
total size is 24178647  speedup is 3425.22
sending incremental file list
./
log200537.f0628

sent 18026 bytes  received 36 bytes  2408.27 bytes/sec
total size is 24217189  speedup is 1340.78
sending incremental file list
./
log200537.f0629

sent 17990 bytes  received 36 bytes  2120.71 bytes/sec
total size is 24255726  speedup is 1345.60
sending incremental file list
./
log200537.f0630

sent 17990 bytes  received 36 bytes  1716.76 bytes/sec
total size is 24294273  speedup is 1347.74
sending incremental file list

sent 7085 bytes  received 12 bytes  834.94 bytes/sec
total size is 24294273  speedup is 3423.18
sending incremental file list
./
log200537.f0631

sent 18019 bytes  received 36 bytes  2407.33 bytes/sec
total size is 24332824  speedup is 1347.71
sending incremental file list
./
log200537.f0632

sent 17863 bytes  received 36 bytes  2105.76 bytes/sec
total size is 24371333  speedup is 1361.60
sending incremental file list
./
log200537.f0633

sent 17987 bytes  received 36 bytes  2403.07 bytes/sec
total size is 24409859  speedup is 1354.37
sending incremental file list
./
log200537.f0634

sent 17970 bytes  received 36 bytes  1895.37 bytes/sec
total size is 24448393  speedup is 1357.79
sending incremental file list
./
log200537.f0635

sent 17921 bytes  received 36 bytes  2112.59 bytes/sec
total size is 24486920  speedup is 1363.64
sending incremental file list
./
log200537.f0636

sent 18045 bytes  received 36 bytes  1722.00 bytes/sec
total size is 24525421  speedup is 1356.42
sending incremental file list
./
log200537.f0637

sent 18040 bytes  received 36 bytes  2410.13 bytes/sec
total size is 24563926  speedup is 1358.92
sending incremental file list
./
log200537.f0638

sent 18053 bytes  received 36 bytes  1904.11 bytes/sec
total size is 24602431  speedup is 1360.08
sending incremental file list
./
log200537.f0639

sent 18081 bytes  received 36 bytes  2131.41 bytes/sec
total size is 24640923  speedup is 1360.10
sending incremental file list
./
log200537.f0640

sent 18073 bytes  received 36 bytes  1906.21 bytes/sec
total size is 24679447  speedup is 1362.83
sending incremental file list
./
log200537.f0641

sent 18214 bytes  received 36 bytes  2147.06 bytes/sec
total size is 24717964  speedup is 1354.41
sending incremental file list
./
log200537.f0642

sent 18244 bytes  received 36 bytes  1740.95 bytes/sec
total size is 24756429  speedup is 1354.29
sending incremental file list

sent 7218 bytes  received 12 bytes  964.00 bytes/sec
total size is 24756429  speedup is 3424.13
sending incremental file list
./
log200537.f0643

sent 18092 bytes  received 36 bytes  1908.21 bytes/sec
total size is 24794916  speedup is 1367.77
sending incremental file list
./
log200537.f0644

sent 18052 bytes  received 36 bytes  2128.00 bytes/sec
total size is 24833442  speedup is 1372.92
sending incremental file list
./
log200537.f0645

sent 18165 bytes  received 36 bytes  1915.89 bytes/sec
total size is 24871953  speedup is 1366.52
sending incremental file list
./
log200537.f0646

sent 18274 bytes  received 36 bytes  2154.12 bytes/sec
total size is 24910515  speedup is 1360.49
sending incremental file list

sent 7262 bytes  received 12 bytes  765.68 bytes/sec
total size is 24910515  speedup is 3424.60
sending incremental file list
./
log200537.f0647

sent 18205 bytes  received 36 bytes  2146.00 bytes/sec
total size is 24949046  speedup is 1367.75
sending incremental file list
./
log200537.f0648

sent 18261 bytes  received 36 bytes  1926.00 bytes/sec
total size is 24987518  speedup is 1365.66
sending incremental file list
./
log200537.f0649

sent 18221 bytes  received 36 bytes  2434.27 bytes/sec
total size is 25026018  speedup is 1370.76
sending incremental file list

sent 7295 bytes  received 12 bytes  859.65 bytes/sec
total size is 25026018  speedup is 3424.94
sending incremental file list
./
log200537.f0650

sent 18330 bytes  received 36 bytes  1749.14 bytes/sec
total size is 25064511  speedup is 1364.72
sending incremental file list
./
log200537.f0651

sent 18342 bytes  received 36 bytes  1934.53 bytes/sec
total size is 25103087  speedup is 1365.93
sending incremental file list
./
log200537.f0652

sent 18401 bytes  received 36 bytes  2458.27 bytes/sec
total size is 25141634  speedup is 1363.65
sending incremental file list
./
log200537.f0653

sent 18256 bytes  received 36 bytes  1925.47 bytes/sec
total size is 25180175  speedup is 1376.57
sending incremental file list
./
log200537.f0654

sent 18385 bytes  received 36 bytes  2456.13 bytes/sec
total size is 25218723  speedup is 1369.02
sending incremental file list
./
log200537.f0655

sent 18458 bytes  received 36 bytes  1946.74 bytes/sec
total size is 25257245  speedup is 1365.70
sending incremental file list

sent 7362 bytes  received 12 bytes  867.53 bytes/sec
total size is 25257245  speedup is 3425.18
sending incremental file list
./
log200537.f0656

sent 18483 bytes  received 36 bytes  1763.71 bytes/sec
total size is 25295780  speedup is 1365.94
sending incremental file list
./
log200537.f0657

sent 18489 bytes  received 36 bytes  2179.41 bytes/sec
total size is 25334282  speedup is 1367.57
sending incremental file list
./
log200537.f0658

sent 18511 bytes  received 36 bytes  1952.32 bytes/sec
total size is 25372797  speedup is 1368.03
sending incremental file list
./
log200537.f0659

sent 18403 bytes  received 36 bytes  2458.53 bytes/sec
total size is 25411299  speedup is 1378.13
sending incremental file list
./
log200537.f0660

sent 18383 bytes  received 36 bytes  2166.94 bytes/sec
total size is 25449818  speedup is 1381.72
sending incremental file list
./
log200537.f0661

sent 18323 bytes  received 36 bytes  2159.88 bytes/sec
total size is 25488318  speedup is 1388.33
sending incremental file list
./
log200537.f0662

sent 18392 bytes  received 36 bytes  1939.79 bytes/sec
total size is 25526830  speedup is 1385.22
sending incremental file list
./
log200537.f0663

sent 18501 bytes  received 36 bytes  2471.60 bytes/sec
total size is 25565348  speedup is 1379.15
sending incremental file list
./
log200537.f0664

sent 18345 bytes  received 36 bytes  1934.84 bytes/sec
total size is 25603856  speedup is 1392.95
sending incremental file list
./
log200537.f0665

sent 18280 bytes  received 36 bytes  2154.82 bytes/sec
total size is 25642365  speedup is 1400.00
sending incremental file list
./
log200537.f0666

sent 18418 bytes  received 36 bytes  1942.53 bytes/sec
total size is 25680876  speedup is 1391.62
sending incremental file list
./
log200537.f0667

sent 18457 bytes  received 36 bytes  2175.65 bytes/sec
total size is 25719405  speedup is 1390.76
sending incremental file list
./
log200537.f0668

sent 18605 bytes  received 36 bytes  1962.21 bytes/sec
total size is 25757962  speedup is 1381.79
sending incremental file list

sent 7508 bytes  received 12 bytes  1002.67 bytes/sec
total size is 25757962  speedup is 3425.26
sending incremental file list
./
log200537.f0669

sent 18537 bytes  received 36 bytes  1955.05 bytes/sec
total size is 25796496  speedup is 1388.92
sending incremental file list
./
log200537.f0670

sent 18713 bytes  received 36 bytes  2205.76 bytes/sec
total size is 25835014  speedup is 1377.94
sending incremental file list
./
log200537.f0671

sent 18342 bytes  received 36 bytes  1934.53 bytes/sec
total size is 25873586  speedup is 1407.86
sending incremental file list
./
log200537.f0672

sent 18415 bytes  received 36 bytes  2170.71 bytes/sec
total size is 25912160  speedup is 1404.38
sending incremental file list
./
log200537.f0673

sent 18525 bytes  received 36 bytes  1767.71 bytes/sec
total size is 25950705  speedup is 1398.13
sending incremental file list
./
log200537.f0674

sent 18502 bytes  received 36 bytes  2471.73 bytes/sec
total size is 25989249  speedup is 1401.94
sending incremental file list

sent 7575 bytes  received 12 bytes  892.59 bytes/sec
total size is 25989249  speedup is 3425.50
sending incremental file list
./
log200537.f0675

sent 18432 bytes  received 36 bytes  2172.71 bytes/sec
total size is 26027746  speedup is 1409.34
sending incremental file list
./
log200537.f0676

sent 18545 bytes  received 36 bytes  1955.89 bytes/sec
total size is 26066268  speedup is 1402.85
sending incremental file list
./
log200537.f0677

sent 18741 bytes  received 36 bytes  2209.06 bytes/sec
total size is 26104801  speedup is 1390.25
sending incremental file list

sent 7608 bytes  received 12 bytes  896.47 bytes/sec
total size is 26104801  speedup is 3425.83
sending incremental file list
./
log200537.f0678

sent 18567 bytes  received 36 bytes  2188.59 bytes/sec
total size is 26143293  speedup is 1405.33
sending incremental file list
./
log200537.f0679

sent 18486 bytes  received 36 bytes  1949.68 bytes/sec
total size is 26181782  speedup is 1413.55
sending incremental file list
./
log200537.f0680

sent 18500 bytes  received 36 bytes  2180.71 bytes/sec
total size is 26220281  speedup is 1414.56
sending incremental file list

sent 7642 bytes  received 12 bytes  805.68 bytes/sec
total size is 26220281  speedup is 3425.70
sending incremental file list
./
log200537.f0681

sent 18574 bytes  received 36 bytes  2189.41 bytes/sec
total size is 26258805  speedup is 1411.01
sending incremental file list
./
log200537.f0682

sent 18679 bytes  received 36 bytes  1970.00 bytes/sec
total size is 26297312  speedup is 1405.15
sending incremental file list

sent 7664 bytes  received 12 bytes  1023.47 bytes/sec
total size is 26297312  speedup is 3425.91
sending incremental file list
./
log200537.f0683

sent 18490 bytes  received 36 bytes  2179.53 bytes/sec
total size is 26335820  speedup is 1421.56
sending incremental file list
./
log200537.f0684

sent 18563 bytes  received 36 bytes  2188.12 bytes/sec
total size is 26374289  speedup is 1418.05
sending incremental file list
./
log200537.f0685

sent 18614 bytes  received 36 bytes  2194.12 bytes/sec
total size is 26412778  speedup is 1416.23
sending incremental file list

sent 7698 bytes  received 12 bytes  907.06 bytes/sec
total size is 26412778  speedup is 3425.78
sending incremental file list
./
log200537.f0686

sent 18509 bytes  received 36 bytes  1766.19 bytes/sec
total size is 26451223  speedup is 1426.33
sending incremental file list
./
log200537.f0687

sent 18568 bytes  received 36 bytes  2188.71 bytes/sec
total size is 26489692  speedup is 1423.87
sending incremental file list
./
log200537.f0688

sent 18615 bytes  received 36 bytes  1963.26 bytes/sec
total size is 26528154  speedup is 1422.34
sending incremental file list
./
log200537.f0689

sent 18497 bytes  received 36 bytes  2471.07 bytes/sec
total size is 26566632  speedup is 1433.48
sending incremental file list
./
log200537.f0690

sent 18519 bytes  received 36 bytes  1767.14 bytes/sec
total size is 26605181  speedup is 1433.86
sending incremental file list
./
log200537.f0691

sent 18551 bytes  received 36 bytes  2186.71 bytes/sec
total size is 26643712  speedup is 1433.46
sending incremental file list
./
log200537.f0692

sent 18624 bytes  received 36 bytes  1964.21 bytes/sec
total size is 26682235  speedup is 1429.92
sending incremental file list
./
log200537.f0693

sent 18741 bytes  received 36 bytes  2503.60 bytes/sec
total size is 26720759  speedup is 1423.06
sending incremental file list

sent 7787 bytes  received 12 bytes  917.53 bytes/sec
total size is 26720759  speedup is 3426.18
sending incremental file list
./
log200537.f0694

sent 18603 bytes  received 36 bytes  2192.82 bytes/sec
total size is 26759286  speedup is 1435.66
sending incremental file list
./
log200537.f0695

sent 18580 bytes  received 36 bytes  1959.58 bytes/sec
total size is 26797741  speedup is 1439.50
sending incremental file list
./
log200537.f0696

sent 18673 bytes  received 36 bytes  2201.06 bytes/sec
total size is 26836238  speedup is 1434.40
sending incremental file list
./
log200537.f0697

sent 18490 bytes  received 36 bytes  1764.38 bytes/sec
total size is 26874734  speedup is 1450.65
sending incremental file list
./
log200537.f0698

sent 18683 bytes  received 36 bytes  2495.87 bytes/sec
total size is 26913239  speedup is 1437.75
sending incremental file list
./
log200537.f0699

sent 18816 bytes  received 36 bytes  1984.42 bytes/sec
total size is 26951740  speedup is 1429.65
sending incremental file list
./
log200537.f0700

sent 18754 bytes  received 36 bytes  2505.33 bytes/sec
total size is 26990228  speedup is 1436.41
sending incremental file list
./
log200537.f0701

sent 18806 bytes  received 36 bytes  1983.37 bytes/sec
total size is 27028741  speedup is 1434.49
sending incremental file list
./
log200537.f0702

sent 18729 bytes  received 36 bytes  1975.26 bytes/sec
total size is 27067262  speedup is 1442.43
sending incremental file list
./
log200537.f0703

sent 18807 bytes  received 36 bytes  1794.57 bytes/sec
total size is 27105775  speedup is 1438.51
sending incremental file list

sent 7900 bytes  received 12 bytes  1054.93 bytes/sec
total size is 27105775  speedup is 3425.91
sending incremental file list
./
log200537.f0704

sent 18792 bytes  received 36 bytes  1981.89 bytes/sec
total size is 27144275  speedup is 1441.70
sending incremental file list
./
log200537.f0705

sent 18973 bytes  received 36 bytes  2236.35 bytes/sec
total size is 27182785  speedup is 1430.00
sending incremental file list
./
log200537.f0706

sent 18668 bytes  received 36 bytes  1968.84 bytes/sec
total size is 27221262  speedup is 1455.37
sending incremental file list
./
log200537.f0707

sent 18757 bytes  received 36 bytes  2210.94 bytes/sec
total size is 27259742  speedup is 1450.53
sending incremental file list
./
log200537.f0708

sent 18735 bytes  received 36 bytes  1787.71 bytes/sec
total size is 27298225  speedup is 1454.28
sending incremental file list
./
log200537.f0709

sent 18867 bytes  received 36 bytes  2223.88 bytes/sec
total size is 27336741  speedup is 1446.16
sending incremental file list
./
log200537.f0710

sent 18877 bytes  received 36 bytes  1990.84 bytes/sec
total size is 27375248  speedup is 1447.43
sending incremental file list
./
log200537.f0711

sent 18684 bytes  received 36 bytes  2202.35 bytes/sec
total size is 27413784  speedup is 1464.41
sending incremental file list
./
log200537.f0712

sent 18737 bytes  received 36 bytes  1787.90 bytes/sec
total size is 27452291  speedup is 1462.33
sending incremental file list
./
log200537.f0713

sent 18877 bytes  received 36 bytes  2225.06 bytes/sec
total size is 27490829  speedup is 1453.54
sending incremental file list
./
log200537.f0714

sent 18905 bytes  received 36 bytes  1993.79 bytes/sec
total size is 27529352  speedup is 1453.43
sending incremental file list
./
log200537.f0715

sent 18737 bytes  received 36 bytes  2503.07 bytes/sec
total size is 27567905  speedup is 1468.49
sending incremental file list
./
log200537.f0716

sent 18773 bytes  received 36 bytes  1979.89 bytes/sec
total size is 27606404  speedup is 1467.72
sending incremental file list

sent 8044 bytes  received 12 bytes  1239.38 bytes/sec
total size is 27606404  speedup is 3426.81
sending incremental file list
./
log200537.f0717

sent 18829 bytes  received 36 bytes  1985.79 bytes/sec
total size is 27644880  speedup is 1465.41
sending incremental file list
./
log200537.f0718

sent 18858 bytes  received 36 bytes  2222.82 bytes/sec
total size is 27683385  speedup is 1465.19
sending incremental file list
./
log200537.f0719

sent 18924 bytes  received 36 bytes  1995.79 bytes/sec
total size is 27721886  speedup is 1462.12
sending incremental file list
./
log200537.f0720

sent 18896 bytes  received 36 bytes  2524.27 bytes/sec
total size is 27760360  speedup is 1466.32
sending incremental file list
./
log200537.f0721

sent 18962 bytes  received 36 bytes  2235.06 bytes/sec
total size is 27798844  speedup is 1463.25
sending incremental file list
./
log200537.f0722

sent 19073 bytes  received 36 bytes  2547.87 bytes/sec
total size is 27837337  speedup is 1456.77
sending incremental file list
./
log200537.f0723

sent 19036 bytes  received 36 bytes  2007.58 bytes/sec
total size is 27875871  speedup is 1461.61
sending incremental file list
./
log200537.f0724

sent 19167 bytes  received 36 bytes  1828.86 bytes/sec
total size is 27914399  speedup is 1453.65
